
2024/03/13 (09:57:17) | ===> btop++ v.1.3.2
2024/03/13 (09:57:17) | ERROR: Couldn't determine terminal size of "STDOUT_FILENO"!
2024/03/13 (09:57:17) | ERROR: Couldn't determine terminal size of "/dev/tty"!

2024/03/13 (17:50:19) | ===> btop++ v.1.3.2
2024/03/13 (17:50:19) | ERROR: Couldn't determine terminal size of "STDOUT_FILENO"!

2024/04/02 (10:58:34) | ===> btop++ v.1.3.2
2024/04/02 (10:58:34) | ERROR: Couldn't determine terminal size of "STDOUT_FILENO"!
2024/04/02 (10:58:34) | ERROR: Couldn't determine terminal size of "/dev/tty"!

2024/04/05 (20:14:19) | ===> btop++ v.1.3.2
2024/04/05 (20:14:19) | WARNING: Failed to get disk/partition stats for mount "/bin" with statvfs error code: 2. Ignoring...
2024/04/05 (20:14:19) | WARNING: Failed to get disk/partition stats for mount "/usr/bin" with statvfs error code: 2. Ignoring...

2024/04/05 (23:56:01) | ===> btop++ v.1.3.2
2024/04/05 (23:56:01) | WARNING: Failed to get disk/partition stats for mount "/bin" with statvfs error code: 2. Ignoring...
2024/04/05 (23:56:01) | WARNING: Failed to get disk/partition stats for mount "/usr/bin" with statvfs error code: 2. Ignoring...

2024/04/06 (00:20:04) | ===> btop++ v.1.3.2
2024/04/06 (00:20:04) | WARNING: Failed to get disk/partition stats for mount "/bin" with statvfs error code: 2. Ignoring...
2024/04/06 (00:20:04) | WARNING: Failed to get disk/partition stats for mount "/usr/bin" with statvfs error code: 2. Ignoring...

2024/04/06 (00:26:25) | ===> btop++ v.1.3.2
2024/04/06 (00:26:25) | WARNING: Failed to get disk/partition stats for mount "/bin" with statvfs error code: 2. Ignoring...
2024/04/06 (00:26:25) | WARNING: Failed to get disk/partition stats for mount "/usr/bin" with statvfs error code: 2. Ignoring...

2024/04/06 (00:29:12) | ===> btop++ v.1.3.2
2024/04/06 (00:29:12) | WARNING: Failed to get disk/partition stats for mount "/bin" with statvfs error code: 2. Ignoring...
2024/04/06 (00:29:12) | WARNING: Failed to get disk/partition stats for mount "/usr/bin" with statvfs error code: 2. Ignoring...

2024/04/06 (00:46:26) | ===> btop++ v.1.3.2
2024/04/06 (00:46:26) | WARNING: Failed to get disk/partition stats for mount "/bin" with statvfs error code: 2. Ignoring...
2024/04/06 (00:46:26) | WARNING: Failed to get disk/partition stats for mount "/usr/bin" with statvfs error code: 2. Ignoring...

2024/04/06 (09:45:25) | ===> btop++ v.1.3.2
2024/04/06 (09:45:25) | WARNING: Failed to get disk/partition stats for mount "/bin" with statvfs error code: 2. Ignoring...
2024/04/06 (09:45:25) | WARNING: Failed to get disk/partition stats for mount "/usr/bin" with statvfs error code: 2. Ignoring...

2024/04/07 (14:05:37) | ===> btop++ v.1.3.2
2024/04/07 (14:05:37) | WARNING: Failed to get disk/partition stats for mount "/bin" with statvfs error code: 2. Ignoring...
2024/04/07 (14:05:37) | WARNING: Failed to get disk/partition stats for mount "/usr/bin" with statvfs error code: 2. Ignoring...

2024/04/07 (17:26:52) | ===> btop++ v.1.3.2
2024/04/07 (17:26:52) | WARNING: Failed to get disk/partition stats for mount "/bin" with statvfs error code: 2. Ignoring...
2024/04/07 (17:26:52) | WARNING: Failed to get disk/partition stats for mount "/usr/bin" with statvfs error code: 2. Ignoring...

2024/04/07 (19:24:57) | ===> btop++ v.1.3.2
2024/04/07 (19:24:57) | WARNING: Failed to get disk/partition stats for mount "/bin" with statvfs error code: 2. Ignoring...
2024/04/07 (19:24:57) | WARNING: Failed to get disk/partition stats for mount "/usr/bin" with statvfs error code: 2. Ignoring...

2024/04/08 (21:22:20) | ===> btop++ v.1.3.2
2024/04/08 (21:22:20) | WARNING: Failed to get disk/partition stats for mount "/bin" with statvfs error code: 2. Ignoring...
2024/04/08 (21:22:20) | WARNING: Failed to get disk/partition stats for mount "/usr/bin" with statvfs error code: 2. Ignoring...

2024/04/11 (18:08:44) | ===> btop++ v.1.3.2
2024/04/11 (18:08:44) | WARNING: Failed to get disk/partition stats for mount "/bin" with statvfs error code: 2. Ignoring...
2024/04/11 (18:08:44) | WARNING: Failed to get disk/partition stats for mount "/usr/bin" with statvfs error code: 2. Ignoring...

2024/04/18 (17:00:14) | ===> btop++ v.1.3.2
2024/04/18 (17:00:14) | WARNING: Failed to get disk/partition stats for mount "/bin" with statvfs error code: 2. Ignoring...
2024/04/18 (17:00:14) | WARNING: Failed to get disk/partition stats for mount "/usr/bin" with statvfs error code: 2. Ignoring...

2024/04/19 (16:11:46) | ===> btop++ v.1.3.2
2024/04/19 (16:11:46) | WARNING: Failed to get disk/partition stats for mount "/bin" with statvfs error code: 2. Ignoring...
2024/04/19 (16:11:46) | WARNING: Failed to get disk/partition stats for mount "/usr/bin" with statvfs error code: 2. Ignoring...

2024/04/19 (19:29:37) | ===> btop++ v.1.3.2
2024/04/19 (19:29:37) | WARNING: Failed to get disk/partition stats for mount "/bin" with statvfs error code: 2. Ignoring...
2024/04/19 (19:29:37) | WARNING: Failed to get disk/partition stats for mount "/usr/bin" with statvfs error code: 2. Ignoring...

2024/04/20 (21:41:35) | ===> btop++ v.1.3.2
2024/04/20 (21:41:35) | WARNING: Failed to get disk/partition stats for mount "/bin" with statvfs error code: 2. Ignoring...
2024/04/20 (21:41:35) | WARNING: Failed to get disk/partition stats for mount "/usr/bin" with statvfs error code: 2. Ignoring...

2024/04/21 (21:31:09) | ===> btop++ v.1.3.2
2024/04/21 (21:31:09) | WARNING: Failed to get disk/partition stats for mount "/bin" with statvfs error code: 2. Ignoring...
2024/04/21 (21:31:09) | WARNING: Failed to get disk/partition stats for mount "/usr/bin" with statvfs error code: 2. Ignoring...

2024/04/24 (19:09:53) | ===> btop++ v.1.3.2
2024/04/24 (19:09:53) | WARNING: Failed to get disk/partition stats for mount "/bin" with statvfs error code: 2. Ignoring...
2024/04/24 (19:09:53) | WARNING: Failed to get disk/partition stats for mount "/usr/bin" with statvfs error code: 2. Ignoring...

2024/04/25 (14:39:59) | ===> btop++ v.1.3.2
2024/04/25 (14:39:59) | WARNING: Failed to get disk/partition stats for mount "/bin" with statvfs error code: 2. Ignoring...
2024/04/25 (14:39:59) | WARNING: Failed to get disk/partition stats for mount "/usr/bin" with statvfs error code: 2. Ignoring...

2024/05/01 (22:42:40) | ===> btop++ v.1.3.2
2024/05/01 (22:42:40) | WARNING: Failed to get disk/partition stats for mount "/bin" with statvfs error code: 2. Ignoring...
2024/05/01 (22:42:40) | WARNING: Failed to get disk/partition stats for mount "/usr/bin" with statvfs error code: 2. Ignoring...

2024/05/03 (18:05:26) | ===> btop++ v.1.3.2
2024/05/03 (18:05:26) | WARNING: Failed to get disk/partition stats for mount "/bin" with statvfs error code: 2. Ignoring...
2024/05/03 (18:05:26) | WARNING: Failed to get disk/partition stats for mount "/usr/bin" with statvfs error code: 2. Ignoring...

2024/05/03 (22:01:26) | ===> btop++ v.1.3.2
2024/05/03 (22:01:26) | WARNING: Failed to get disk/partition stats for mount "/bin" with statvfs error code: 2. Ignoring...
2024/05/03 (22:01:26) | WARNING: Failed to get disk/partition stats for mount "/usr/bin" with statvfs error code: 2. Ignoring...

2024/05/03 (22:04:20) | ===> btop++ v.1.3.2
2024/05/03 (22:04:20) | WARNING: Failed to get disk/partition stats for mount "/bin" with statvfs error code: 2. Ignoring...
2024/05/03 (22:04:20) | WARNING: Failed to get disk/partition stats for mount "/usr/bin" with statvfs error code: 2. Ignoring...

2024/05/06 (14:15:00) | ===> btop++ v.1.3.2
2024/05/06 (14:15:00) | WARNING: Failed to get disk/partition stats for mount "/bin" with statvfs error code: 2. Ignoring...
2024/05/06 (14:15:00) | WARNING: Failed to get disk/partition stats for mount "/usr/bin" with statvfs error code: 2. Ignoring...

2024/05/09 (09:22:41) | ===> btop++ v.1.3.2
2024/05/09 (09:22:41) | WARNING: Failed to get disk/partition stats for mount "/bin" with statvfs error code: 2. Ignoring...
2024/05/09 (09:22:41) | WARNING: Failed to get disk/partition stats for mount "/usr/bin" with statvfs error code: 2. Ignoring...

2024/05/11 (23:32:29) | ===> btop++ v.1.3.2
2024/05/11 (23:32:29) | WARNING: Failed to get disk/partition stats for mount "/bin" with statvfs error code: 2. Ignoring...
2024/05/11 (23:32:29) | WARNING: Failed to get disk/partition stats for mount "/usr/bin" with statvfs error code: 2. Ignoring...

2024/05/12 (11:16:37) | ===> btop++ v.1.3.2
2024/05/12 (11:16:37) | WARNING: Failed to get disk/partition stats for mount "/bin" with statvfs error code: 2. Ignoring...
2024/05/12 (11:16:37) | WARNING: Failed to get disk/partition stats for mount "/usr/bin" with statvfs error code: 2. Ignoring...

2024/05/17 (16:21:43) | ===> btop++ v.1.3.2
2024/05/17 (16:21:43) | WARNING: Failed to get disk/partition stats for mount "/bin" with statvfs error code: 2. Ignoring...
2024/05/17 (16:21:43) | WARNING: Failed to get disk/partition stats for mount "/usr/bin" with statvfs error code: 2. Ignoring...

2024/05/17 (22:16:42) | ===> btop++ v.1.3.2
2024/05/17 (22:16:42) | WARNING: Failed to get disk/partition stats for mount "/bin" with statvfs error code: 2. Ignoring...
2024/05/17 (22:16:42) | WARNING: Failed to get disk/partition stats for mount "/usr/bin" with statvfs error code: 2. Ignoring...
